<?xml version="1.0" encoding="UTF-8"?>
<!-- Generated by org.testng.reporters.JUnitReportReporter -->
<testsuite hostname="Jagades" failures="0" tests="16" name="org.executable.TestNGSample" time="18.396" errors="0" timestamp="02 Dec 2022 10:36:46 GMT" skipped="1">
  <testcase classname="org.executable.TestNGSample" name="adactinLogin" time="6.863"/>
  <testcase classname="org.executable.TestNGSample" name="adactinSearchHotel" time="2.178"/>
  <testcase classname="org.executable.TestNGSample" name="adactinSelectHotel" time="1.285"/>
  <testcase classname="org.executable.TestNGSample" name="adactinBookAHotel" time="1.238"/>
  <testcase classname="org.executable.TestNGSample" name="adactinBookingConfirmation" time="6.831"/>
  <testcase classname="org.executable.TestNGSample" name="multipleExecute" time="0.000"/>
  <testcase classname="org.executable.TestNGSample" name="multipleExecute" time="0.000"/>
  <testcase classname="org.executable.TestNGSample" name="multipleExecute" time="0.000"/>
  <testcase classname="org.executable.TestNGSample" name="multipleExecute" time="0.001"/>
  <testcase classname="org.executable.TestNGSample" name="multipleExecute" time="0.000"/>
  <testcase classname="org.executable.TestNGSample" name="multipleExecute" time="0.000"/>
  <testcase classname="org.executable.TestNGSample" name="multipleExecute" time="0.000"/>
  <testcase classname="org.executable.TestNGSample" name="multipleExecute" time="0.000"/>
  <testcase classname="org.executable.TestNGSample" name="multipleExecute" time="0.000"/>
  <testcase classname="org.executable.TestNGSample" name="multipleExecute" time="0.000"/>
  <testcase classname="org.executable.TestNGSample" name="disableMethod">
    <skipped/>
  </testcase> <!-- disableMethod -->
</testsuite> <!-- org.executable.TestNGSample -->
