<?xml version="1.0" encoding="UTF-8"?>
<!-- Generated by org.testng.reporters.JUnitReportReporter -->
<testsuite hostname="Jagades" failures="0" tests="16" name="org.executable.TestNGSample" time="19.716" errors="0" timestamp="02 Dec 2022 12:16:36 GMT" skipped="1">
  <testcase classname="org.executable.TestNGSample" name="adactinLogin" time="6.371"/>
  <testcase classname="org.executable.TestNGSample" name="adactinSearchHotel" time="1.701"/>
  <testcase classname="org.executable.TestNGSample" name="adactinSelectHotel" time="0.703"/>
  <testcase classname="org.executable.TestNGSample" name="adactinBookAHotel" time="1.176"/>
  <testcase classname="org.executable.TestNGSample" name="adactinBookingConfirmation" time="9.764"/>
  <testcase classname="org.executable.TestNGSample" name="multipleExecute" time="0.000"/>
  <testcase classname="org.executable.TestNGSample" name="multipleExecute" time="0.000"/>
  <testcase classname="org.executable.TestNGSample" name="multipleExecute" time="0.000"/>
  <testcase classname="org.executable.TestNGSample" name="multipleExecute" time="0.000"/>
  <testcase classname="org.executable.TestNGSample" name="multipleExecute" time="0.000"/>
  <testcase classname="org.executable.TestNGSample" name="multipleExecute" time="0.000"/>
  <testcase classname="org.executable.TestNGSample" name="multipleExecute" time="0.000"/>
  <testcase classname="org.executable.TestNGSample" name="multipleExecute" time="0.001"/>
  <testcase classname="org.executable.TestNGSample" name="multipleExecute" time="0.000"/>
  <testcase classname="org.executable.TestNGSample" name="multipleExecute" time="0.000"/>
  <testcase classname="org.executable.TestNGSample" name="disableMethod">
    <skipped/>
  </testcase> <!-- disableMethod -->
</testsuite> <!-- org.executable.TestNGSample -->
